# JRE version: OpenJDK Runtime Environment (8.0_102-b14) (build 1.8.0_102-8u102-b14.1-2-b14)
# Java VM: OpenJDK 64-Bit Server VM (25.102-b14 mixed mode linux-amd64 compressed oops)
Heap:
 PSYoungGen      total 27648K, used 10518K [0x00000000e1d00000, 0x00000000e5300000, 0x0000000100000000)
  eden space 24064K, 28% used [0x00000000e1d00000,0x00000000e23cb0b8,0x00000000e3480000)
  from space 3584K, 99% used [0x00000000e3480000,0x00000000e37fa938,0x00000000e3800000)
  to   space 3584K, 0% used [0x00000000e4f80000,0x00000000e4f80000,0x00000000e5300000)
 ParOldGen       total 62976K, used 585K [0x00000000a5600000, 0x00000000a9380000, 0x00000000e1d00000)
  object space 62976K, 0% used [0x00000000a5600000,0x00000000a5692788,0x00000000a9380000)
 Metaspace       used 12055K, capacity 12306K, committed 12672K, reserved 1060864K
  class space    used 1471K, capacity 1545K, committed 1664K, reserved 1048576K
GC Heap History (6 events):
Event: 0,567 GC heap before
{Heap before GC invocations=1 (full 0):
 PSYoungGen      total 27648K, used 24064K [0x00000000e1d00000, 0x00000000e3b80000, 0x0000000100000000)
  eden space 24064K, 100% used [0x00000000e1d00000,0x00000000e3480000,0x00000000e3480000)
  from space 3584K, 0% used [0x00000000e3800000,0x00000000e3800000,0x00000000e3b80000)
  to   space 3584K, 0% used [0x00000000e3480000,0x00000000e3480000,0x00000000e3800000)
 ParOldGen       total 62976K, used 0K [0x00000000a5600000, 0x00000000a9380000, 0x00000000e1d00000)
  object space 62976K, 0% used [0x00000000a5600000,0x00000000a5600000,0x00000000a9380000)
 Metaspace       used 6621K, capacity 6800K, committed 7040K, reserved 1056768K
  class space    used 772K, capacity 820K, committed 896K, reserved 1048576K
Event: 0,572 GC heap after
Heap after GC invocations=1 (full 0):
 PSYoungGen      total 27648K, used 3336K [0x00000000e1d00000, 0x00000000e3b80000, 0x0000000100000000)
  eden space 24064K, 0% used [0x00000000e1d00000,0x00000000e1d00000,0x00000000e3480000)
  from space 3584K, 93% used [0x00000000e3480000,0x00000000e37c2220,0x00000000e3800000)
  to   space 3584K, 0% used [0x00000000e3800000,0x00000000e3800000,0x00000000e3b80000)
 ParOldGen       total 62976K, used 8K [0x00000000a5600000, 0x00000000a9380000, 0x00000000e1d00000)
  object space 62976K, 0% used [0x00000000a5600000,0x00000000a5602000,0x00000000a9380000)
 Metaspace       used 6621K, capacity 6800K, committed 7040K, reserved 1056768K
  class space    used 772K, capacity 820K, committed 896K, reserved 1048576K
}
Event: 0,813 GC heap before
{Heap before GC invocations=2 (full 0):
 PSYoungGen      total 27648K, used 27400K [0x00000000e1d00000, 0x00000000e3b80000, 0x0000000100000000)
  eden space 24064K, 100% used [0x00000000e1d00000,0x00000000e3480000,0x00000000e3480000)
  from space 3584K, 93% used [0x00000000e3480000,0x00000000e37c2220,0x00000000e3800000)
  to   space 3584K, 0% used [0x00000000e3800000,0x00000000e3800000,0x00000000e3b80000)
 ParOldGen       total 62976K, used 8K [0x00000000a5600000, 0x00000000a9380000, 0x00000000e1d00000)
  object space 62976K, 0% used [0x00000000a5600000,0x00000000a5602000,0x00000000a9380000)
 Metaspace       used 8928K, capacity 9046K, committed 9344K, reserved 1056768K
  class space    used 1059K, capacity 1077K, committed 1152K, reserved 1048576K
Event: 0,818 GC heap after
Heap after GC invocations=2 (full 0):
 PSYoungGen      total 27648K, used 3557K [0x00000000e1d00000, 0x00000000e5300000, 0x0000000100000000)
  eden space 24064K, 0% used [0x00000000e1d00000,0x00000000e1d00000,0x00000000e3480000)
  from space 3584K, 99% used [0x00000000e3800000,0x00000000e3b79660,0x00000000e3b80000)
  to   space 3584K, 0% used [0x00000000e3480000,0x00000000e3480000,0x00000000e3800000)
 ParOldGen       total 62976K, used 373K [0x00000000a5600000, 0x00000000a9380000, 0x00000000e1d00000)
  object space 62976K, 0% used [0x00000000a5600000,0x00000000a565d6c0,0x00000000a9380000)
 Metaspace       used 8928K, capacity 9046K, committed 9344K, reserved 1056768K
  class space    used 1059K, capacity 1077K, committed 1152K, reserved 1048576K
}
Event: 1,118 GC heap before
{Heap before GC invocations=3 (full 0):
 PSYoungGen      total 27648K, used 27621K [0x00000000e1d00000, 0x00000000e5300000, 0x0000000100000000)
  eden space 24064K, 100% used [0x00000000e1d00000,0x00000000e3480000,0x00000000e3480000)
  from space 3584K, 99% used [0x00000000e3800000,0x00000000e3b79660,0x00000000e3b80000)
  to   space 3584K, 0% used [0x00000000e3480000,0x00000000e3480000,0x00000000e3800000)
 ParOldGen       total 62976K, used 373K [0x00000000a5600000, 0x00000000a9380000, 0x00000000e1d00000)
  object space 62976K, 0% used [0x00000000a5600000,0x00000000a565d6c0,0x00000000a9380000)
 Metaspace       used 10747K, capacity 10850K, committed 11136K, reserved 1058816K
  class space    used 1298K, capacity 1335K, committed 1408K, reserved 1048576K
Event: 1,123 GC heap after
Heap after GC invocations=3 (full 0):
 PSYoungGen      total 27648K, used 3562K [0x00000000e1d00000, 0x00000000e5300000, 0x0000000100000000)
  eden space 24064K, 0% used [0x00000000e1d00000,0x00000000e1d00000,0x00000000e3480000)
  from space 3584K, 99% used [0x00000000e3480000,0x00000000e37fa938,0x00000000e3800000)
  to   space 3584K, 0% used [0x00000000e4f80000,0x00000000e4f80000,0x00000000e5300000)
 ParOldGen       total 62976K, used 585K [0x00000000a5600000, 0x00000000a9380000, 0x00000000e1d00000)
  object space 62976K, 0% used [0x00000000a5600000,0x00000000a5692788,0x00000000a9380000)
 Metaspace       used 10747K, capacity 10850K, committed 11136K, reserved 1058816K
  class space    used 1298K, capacity 1335K, committed 1408K, reserved 1048576K
}

